  Compiling CUDA source file kernel.cu...
  
  E:\parallel_nvidia\Bitonic\Bitonic>"C:\Program Files\NVIDIA GPU Computing Toolkit\CUDA\v8.0\bin\nvcc.exe" -gencode=arch=compute_20,code=\"sm_20,compute_20\" --use-local-env --cl-version 2015 -ccbin "C:\Program Files (x86)\Microsoft Visual Studio 14.0\VC\bin\x86_amd64"  -I"C:\Program Files\NVIDIA GPU Computing Toolkit\CUDA\v8.0\include" -I"C:\Program Files\NVIDIA GPU Computing Toolkit\CUDA\v8.0\include"  -G   --keep-dir x64\Debug -maxrregcount=0  --machine 64 --compile -cudart static  -g   -DWIN32 -DWIN64 -D_DEBUG -D_CONSOLE -D_MBCS -Xcompiler "/EHsc /W3 /nologo /Od /FS /Zi /RTC1 /MDd " -o x64\Debug\kernel.cu.obj "E:\parallel_nvidia\Bitonic\Bitonic\kernel.cu" 
E:/parallel_nvidia/Bitonic/Bitonic/kernel.cu(26): warning : variable "mem" was declared but never referenced
E:/parallel_nvidia/Bitonic/Bitonic/kernel.cu(135): warning : variable "s" was declared but never referenced
E:/parallel_nvidia/Bitonic/Bitonic/kernel.cu(158): warning : variable "t" was declared but never referenced
E:/parallel_nvidia/Bitonic/Bitonic/kernel.cu(26): warning : variable "mem" was declared but never referenced
E:/parallel_nvidia/Bitonic/Bitonic/kernel.cu(135): warning : variable "s" was declared but never referenced
E:/parallel_nvidia/Bitonic/Bitonic/kernel.cu(158): warning : variable "t" was declared but never referenced
CUDACOMPILE : nvcc warning : The 'compute_20', 'sm_20', and 'sm_21' architectures are deprecated, and may be removed in a future release (Use -Wno-deprecated-gpu-targets to suppress warning).
  kernel.cu
E:/parallel_nvidia/Bitonic/Bitonic/kernel.cu(116): warning C4334: '<<': result of 32-bit shift implicitly converted to 64 bits (was 64-bit shift intended?)
E:/parallel_nvidia/Bitonic/Bitonic/kernel.cu(118): warning C4334: '<<': result of 32-bit shift implicitly converted to 64 bits (was 64-bit shift intended?)
E:/parallel_nvidia/Bitonic/Bitonic/kernel.cu(123): warning C4334: '<<': result of 32-bit shift implicitly converted to 64 bits (was 64-bit shift intended?)
E:/parallel_nvidia/Bitonic/Bitonic/kernel.cu(124): warning C4334: '<<': result of 32-bit shift implicitly converted to 64 bits (was 64-bit shift intended?)
E:/parallel_nvidia/Bitonic/Bitonic/kernel.cu(110): warning C4474: 'fprintf' : too many arguments passed for format string
  E:/parallel_nvidia/Bitonic/Bitonic/kernel.cu(110): note: placeholders and their parameters expect 0 variadic arguments, but 1 were provided
E:/parallel_nvidia/Bitonic/Bitonic/kernel.cu(135): warning C4101: 's': unreferenced local variable
E:/parallel_nvidia/Bitonic/Bitonic/kernel.cu(158): warning C4101: 't': unreferenced local variable
  Bitonic.vcxproj -> E:\parallel_nvidia\Bitonic\x64\Debug\Bitonic.exe
  Bitonic.vcxproj -> E:\parallel_nvidia\Bitonic\x64\Debug\Bitonic.pdb (Full PDB)
  copy "C:\Program Files\NVIDIA GPU Computing Toolkit\CUDA\v8.0\bin\cudart*.dll" "E:\parallel_nvidia\Bitonic\x64\Debug\"
  C:\Program Files\NVIDIA GPU Computing Toolkit\CUDA\v8.0\bin\cudart32_80.dll
  C:\Program Files\NVIDIA GPU Computing Toolkit\CUDA\v8.0\bin\cudart64_80.dll
          2 file(s) copied.
